\BOOKMARK [1][-]{Abstract.1}{Abstract}{}% 1
\BOOKMARK [1][-]{publications.1}{Publications}{}% 2
\BOOKMARK [1][-]{acknowledgments.1}{Acknowledgments}{}% 3
\BOOKMARK [1][-]{tableofcontents.1}{Contents}{}% 4
\BOOKMARK [1][-]{lof.1}{List of Figures}{}% 5
\BOOKMARK [1][-]{lot.1}{List of Tables}{}% 6
\BOOKMARK [1][-]{lol.1}{Listings}{}% 7
\BOOKMARK [1][-]{acronyms.1}{Acronyms}{}% 8
\BOOKMARK [0][]{chapter.1}{1 Introduction}{}% 9
\BOOKMARK [1][-]{subsection.1.0.1}{1.0.1 The Class of Random Graphs Arising from Exchangeable Random Measures}{chapter.1}% 10
\BOOKMARK [2][-]{subsection.1.0.2}{1.0.2 Sampling and Estimation for \(Sparse\) Exchangeable Graphs}{subsection.1.0.1}% 11
\BOOKMARK [2][-]{subsection.1.0.3}{1.0.3 Sampling Perspectives on \(Sparse\) Exchangeable Graphs}{subsection.1.0.1}% 12
\BOOKMARK [0][]{chapter.2}{2 The Class of Random Graphs Arising from Exchangeable Random Measures}{}% 13
\BOOKMARK [1][-]{section.2.1}{2.1 Introduction}{chapter.2}% 14
\BOOKMARK [2][-]{subsection.2.1.1}{2.1.1 Models from invariance principles}{section.2.1}% 15
\BOOKMARK [2][-]{subsection.2.1.2}{2.1.2 Sparse graph models from exchangeability}{section.2.1}% 16
\BOOKMARK [2][-]{subsection.2.1.3}{2.1.3 Sampling distribution properties}{section.2.1}% 17
\BOOKMARK [2][-]{subsection.2.1.4}{2.1.4 Overview}{section.2.1}% 18
\BOOKMARK [1][-]{section.2.2}{2.2 Background}{chapter.2}% 19
\BOOKMARK [2][-]{subsection.2.2.1}{2.2.1 Desiderata for random graph models}{section.2.2}% 20
\BOOKMARK [2][-]{subsection.2.2.2}{2.2.2 Models from symmetries}{section.2.2}% 21
\BOOKMARK [2][-]{subsection.2.2.3}{2.2.3 Models for graphs from symmetries}{section.2.2}% 22
\BOOKMARK [2][-]{subsection.2.2.4}{2.2.4 Random graphs as random measures}{section.2.2}% 23
\BOOKMARK [1][-]{section.2.3}{2.3 Examples}{chapter.2}% 24
\BOOKMARK [2][-]{subsection.2.3.1}{2.3.1 Graphon models}{section.2.3}% 25
\BOOKMARK [2][-]{subsection.2.3.2}{2.3.2 Slow Decay}{section.2.3}% 26
\BOOKMARK [2][-]{subsection.2.3.3}{2.3.3 Fast Decay}{section.2.3}% 27
\BOOKMARK [2][-]{subsection.2.3.4}{2.3.4 Caron and Fox}{section.2.3}% 28
\BOOKMARK [1][-]{section.2.4}{2.4 Representation Theorem}{chapter.2}% 29
\BOOKMARK [1][-]{section.2.5}{2.5 Key Properties}{chapter.2}% 30
\BOOKMARK [2][-]{subsection.2.5.1}{2.5.1 Expected Number of Edges and Vertices}{section.2.5}% 31
\BOOKMARK [2][-]{subsection.2.5.2}{2.5.2 Degree Distribution in the Asymptotic Limit}{section.2.5}% 32
\BOOKMARK [2][-]{subsection.2.5.3}{2.5.3 Connectivity for Product Form KEGs}{section.2.5}% 33
\BOOKMARK [1][-]{section.a.2.A}{2.A Expected Number of Edges and Vertices}{chapter.2}% 34
\BOOKMARK [1][-]{section.a.2.B}{2.B Degree Distribution in the Asymptotic Limit}{chapter.2}% 35
\BOOKMARK [1][-]{section.a.2.C}{2.C Connectivity for Product Form KEGs}{chapter.2}% 36
\BOOKMARK [0][]{chapter.3}{3 Sampling and estimation for \(sparse\) exchangeable graphs}{}% 37
\BOOKMARK [1][-]{section.3.1}{3.1 Introduction}{chapter.3}% 38
\BOOKMARK [1][-]{section.3.2}{3.2 Preliminaries}{chapter.3}% 39
\BOOKMARK [1][-]{section.3.3}{3.3 Sampling}{chapter.3}% 40
\BOOKMARK [1][-]{section.3.4}{3.4 Estimation with known sizes}{chapter.3}% 41
\BOOKMARK [2][-]{subsection.3.4.1}{3.4.1 Convergence in Distribution of Random Embeddings}{section.3.4}% 42
\BOOKMARK [2][-]{subsection.3.4.2}{3.4.2 Asymptotic Equivalence of Sampling Schemes}{section.3.4}% 43
\BOOKMARK [2][-]{subsection.3.4.3}{3.4.3 Estimating W}{section.3.4}% 44
\BOOKMARK [1][-]{section.3.5}{3.5 Estimation for unknown sizes}{chapter.3}% 45
\BOOKMARK [0][]{chapter.4}{4 Sampling Perspectives on Sparse Exchangeable Graphs}{}% 46
\BOOKMARK [1][-]{section.4.1}{4.1 Introduction}{chapter.4}% 47
\BOOKMARK [2][-]{subsection.4.1.1}{4.1.1 Statistical Network Modeling}{section.4.1}% 48
\BOOKMARK [2][-]{subsection.4.1.2}{4.1.2 Graph Limits}{section.4.1}% 49
\BOOKMARK [2][-]{subsection.4.1.3}{4.1.3 Organization}{section.4.1}% 50
\BOOKMARK [1][-]{section.4.2}{4.2 Preliminaries}{chapter.4}% 51
\BOOKMARK [2][-]{subsection.4.2.1}{4.2.1 Graph Limits}{section.4.2}% 52
\BOOKMARK [2][-]{subsection.4.2.2}{4.2.2 Sampling}{section.4.2}% 53
\BOOKMARK [2][-]{subsection.4.2.3}{4.2.3 Coupling}{section.4.2}% 54
\BOOKMARK [2][-]{subsection.4.2.4}{4.2.4 Distributional Convergence of Point Process}{section.4.2}% 55
\BOOKMARK [1][-]{section.4.3}{4.3 Sampling Limits of Graph Sequences}{chapter.4}% 56
\BOOKMARK [1][-]{section.4.4}{4.4 Kallenberg Exchangeable Graphs are Sampling Convergent}{chapter.4}% 57
\BOOKMARK [1][-]{section.4.5}{4.5 Graphon Metrics and Sampling Distributions}{chapter.4}% 58
\BOOKMARK [1][-]{section.4.6}{4.6 Metrization}{chapter.4}% 59
\BOOKMARK [1][-]{section.4.7}{4.7 Sampling Defines Exchangeable Random Graphs}{chapter.4}% 60
\BOOKMARK [0][]{dummy.6}{Bibliography}{}% 61
\BOOKMARK [0][]{declaration.0}{Declaration}{}% 62
\BOOKMARK [0][]{colophon.0}{Colophon}{}% 63
